<?xml version="1.0" encoding="UTF-8"?>
<testng-results skipped="0" failed="0" total="1" passed="1">
  <reporter-output>
  </reporter-output>
  <suite name="Default suite" duration-ms="15014" started-at="2018-09-27T13:00:07Z" finished-at="2018-09-27T13:00:22Z">
    <groups>
    </groups>
    <test name="Default test" duration-ms="15014" started-at="2018-09-27T13:00:07Z" finished-at="2018-09-27T13:00:22Z">
      <class name="TestCases.DmpVerify">
        <test-method status="PASS" signature="basePageNavigation()[pri:0, instance:TestCases.DmpVerify@c038203]" name="basePageNavigation" duration-ms="15002" started-at="2018-09-27T18:30:07Z" finished-at="2018-09-27T18:30:22Z">
          <reporter-output>
          </reporter-output>
        </test-method> <!-- basePageNavigation -->
      </class> <!-- TestCases.DmpVerify -->
    </test> <!-- Default test -->
  </suite> <!-- Default suite -->
</testng-results>
